Determining if the pthread_create exist failed with the following output:
Change Dir: /home/jmendez/projects/rek-workspace/rw/build/CMakeFiles/CMakeTmp

Run Build Command:"/usr/bin/gmake" "cmTryCompileExec3452387163/fast"
/usr/bin/gmake -f CMakeFiles/cmTryCompileExec3452387163.dir/build.make CMakeFiles/cmTryCompileExec3452387163.dir/build
gmake[1]: Entering directory '/home/jmendez/projects/rek-workspace/rw/build/CMakeFiles/CMakeTmp'
/usr/bin/cmake -E cmake_progress_report /home/jmendez/projects/rek-workspace/rw/build/CMakeFiles/CMakeTmp/CMakeFiles 1
Building C object CMakeFiles/cmTryCompileExec3452387163.dir/CheckSymbolExists.c.o
/usr/bin/cc    -o CMakeFiles/cmTryCompileExec3452387163.dir/CheckSymbolExists.c.o   -c /home/jmendez/projects/rek-workspace/rw/build/CMakeFiles/CMakeTmp/CheckSymbolExists.c
Linking C executable cmTryCompileExec3452387163
/usr/bin/cmake -E cmake_link_script CMakeFiles/cmTryCompileExec3452387163.dir/link.txt --verbose=1
/usr/bin/cc       CMakeFiles/cmTryCompileExec3452387163.dir/CheckSymbolExists.c.o  -o cmTryCompileExec3452387163 -rdynamic 
CMakeFiles/cmTryCompileExec3452387163.dir/CheckSymbolExists.c.o: In function `main':
CheckSymbolExists.c:(.text+0x16): undefined reference to `pthread_create'
collect2: error: ld returned 1 exit status
CMakeFiles/cmTryCompileExec3452387163.dir/build.make:88: recipe for target 'cmTryCompileExec3452387163' failed
gmake[1]: Leaving directory '/home/jmendez/projects/rek-workspace/rw/build/CMakeFiles/CMakeTmp'
gmake[1]: *** [cmTryCompileExec3452387163] Error 1
Makefile:118: recipe for target 'cmTryCompileExec3452387163/fast' failed
gmake: *** [cmTryCompileExec3452387163/fast] Error 2

File /home/jmendez/projects/rek-workspace/rw/build/CMakeFiles/CMakeTmp/CheckSymbolExists.c:
/* */
#include <pthread.h>

int main(int argc, char** argv)
{
  (void)argv;
#ifndef pthread_create
  return ((int*)(&pthread_create))[argc];
#else
  (void)argc;
  return 0;
#endif
}

Determining if the function pthread_create exists in the pthreads failed with the following output:
Change Dir: /home/jmendez/projects/rek-workspace/rw/build/CMakeFiles/CMakeTmp

Run Build Command:"/usr/bin/gmake" "cmTryCompileExec3540987656/fast"
/usr/bin/gmake -f CMakeFiles/cmTryCompileExec3540987656.dir/build.make CMakeFiles/cmTryCompileExec3540987656.dir/build
gmake[1]: Entering directory '/home/jmendez/projects/rek-workspace/rw/build/CMakeFiles/CMakeTmp'
/usr/bin/cmake -E cmake_progress_report /home/jmendez/projects/rek-workspace/rw/build/CMakeFiles/CMakeTmp/CMakeFiles 1
Building C object CMakeFiles/cmTryCompileExec3540987656.dir/CheckFunctionExists.c.o
/usr/bin/cc   -DCHECK_FUNCTION_EXISTS=pthread_create   -o CMakeFiles/cmTryCompileExec3540987656.dir/CheckFunctionExists.c.o   -c /usr/share/cmake/Modules/CheckFunctionExists.c
Linking C executable cmTryCompileExec3540987656
/usr/bin/cmake -E cmake_link_script CMakeFiles/cmTryCompileExec3540987656.dir/link.txt --verbose=1
/usr/bin/cc   -DCHECK_FUNCTION_EXISTS=pthread_create    CMakeFiles/cmTryCompileExec3540987656.dir/CheckFunctionExists.c.o  -o cmTryCompileExec3540987656 -rdynamic -lpthreads 
/usr/bin/ld: cannot find -lpthreads
collect2: error: ld returned 1 exit status
CMakeFiles/cmTryCompileExec3540987656.dir/build.make:88: recipe for target 'cmTryCompileExec3540987656' failed
gmake[1]: *** [cmTryCompileExec3540987656] Error 1
gmake[1]: Leaving directory '/home/jmendez/projects/rek-workspace/rw/build/CMakeFiles/CMakeTmp'
Makefile:118: recipe for target 'cmTryCompileExec3540987656/fast' failed
gmake: *** [cmTryCompileExec3540987656/fast] Error 2


